2208
1418 760 43570159
760 1723 14008
1723 741 10765
741 128 2861
760 327 1002315
327 54 979425
54 2044 977705
2044 1339 971591
1339 2154 903209
2154 1754 724492
1754 35 717282
35 799 697828
799 1651 38868
799 534 386734
534 3 377902
3 376 351814
376 430 345547
430 1759 307757
1759 841 93439
841 1495 27045
1495 1368 22974
841 784 37321
784 424 28325
1759 368 3633
1759 573 14574
1759 833 169763
833 535 45050
535 298 13271
298 1312 8514
833 1247 64918
1247 53 8633
1247 1356 17036
1356 1530 16027
833 1232 47185
1232 1211 26451
430 661 23426
661 671 2572
3 1380 22580
799 1744 245129
1744 2085 166651
2085 1098 152649
1098 193 51815
193 1365 13270
1098 1216 56411
1216 1951 49628
1951 1571 34302
1571 655 12129
1098 1071 20585
1098 632 16103
1744 943 19293
1744 614 34934
2154 1852 82379
1852 1819 49438
1819 901 35595
2154 1958 78193
1958 1017 23018
1958 1813 51807
1813 620 23964
1339 1114 31441
1114 1158 5756
1158 1961 5612
760 916 42530834
916 1987 42491765
1987 85 42457945
85 753 5587131
753 2067 19671
753 1125 6276
753 1538 5541478
1538 1570 4319298
1570 1481 2461510
1481 249 2450146
249 1413 473252
1413 971 451219
971 77 433315
77 1006 331292
1006 1209 322353
1209 1973 56054
1973 1856 29538
1209 2091 244233
2091 2084 1347
2091 790 235034
790 842 229678
842 539 198009
539 766 166295
766 1074 75260
1074 1942 35695
1942 1164 17741
766 1893 53458
1893 428 17506
77 28 33981
77 422 65801
422 1714 37806
1714 1264 33412
1264 1957 6729
249 917 1891383
917 2057 1592989
2057 1818 1504587
1818 51 1466495
51 170 1448435
170 1268 528816
1268 1698 229849
1698 262 12354
1698 837 178893
837 1055 132226
1055 274 98949
274 617 50970
617 317 31673
274 474 7987
1055 660 28162
660 881 27440
881 2115 17685
837 1004 24647
1004 1432 8432
1268 1433 102120
1433 545 65442
545 303 8298
545 1175 23568
1268 1048 157837
1048 253 129138
253 1560 107928
1560 32 46741
32 1027 27939
32 1507 5572
1560 1294 16889
1560 2124 16223
170 844 547694
844 1855 516191
1855 496 366166
496 1358 330101
1358 854 46301
854 364 25694
1358 1454 253339
1454 241 245234
241 432 15400
241 30 174804
30 1524 145877
1524 695 88709
695 1614 55190
1614 1725 23586
1524 1228 40085
1524 683 6102
241 2128 36076
2128 2018 1990
2128 1784 10918
496 1492 23459
1492 952 5593
1855 1177 113491
1177 1795 108658
1795 570 75572
570 1595 17261
570 87 43528
87 1540 27669
170 768 17127
170 1596 296626
1596 2135 295785
2135 868 139691
868 1075 99936
1075 152 47061
152 281 37092
1075 448 30068
2135 488 105925
488 202 19274
488 316 79493
316 477 9658
316 1030 39975
1030 309 12835
1030 320 6106
2135 1525 3234
2135 2144 4230
2135 2190 9638
170 693 22303
693 237 8690
170 1858 7436
170 950 10876
2057 1878 381
2057 2177 37596
2057 22 16001
917 1969 13682
917 313 273399
313 187 29753
187 515 16802
313 732 10535
313 1770 192983
1770 974 33313
1770 1695 157488
1695 276 23425
1695 1621 104086
1621 1763 96451
1763 894 32565
894 1137 31455
1763 594 26078
1763 323 619
249 80 68482
80 1338 37815
1570 771 1808169
771 884 1565526
884 656 697874
656 727 650124
727 2150 10993
2150 396 3666
727 2167 576912
2167 1741 550632
1741 931 55697
931 1834 47986
1834 1214 39877
1214 906 31825
1741 1639 482660
1639 1603 38413
1603 1093 30539
1093 355 30038
1639 782 303117
782 749 28920
782 405 80651
405 201 47566
201 1291 24760
782 2055 68681
2055 1871 24880
2055 2205 36142
782 2199 3605
782 1749 37496
782 1366 73994
1366 2064 17299
1366 593 20903
1639 1360 110616
1360 1542 56474
1542 1890 20778
1360 1355 1902
1355 2194 1347
1360 1914 23659
1914 1057 187
1639 2189 12495
727 1016 33650
656 33 9324
884 618 56274
618 634 31397
884 1405 809478
1405 704 708583
704 1835 684873
1835 1043 667127
1043 1430 494593
1430 751 404992
751 1502 371306
1502 611 360476
611 1086 243484
1086 1511 99174
1511 210 35155
1511 621 57834
621 1568 40258
1086 1236 129316
1236 1788 90843
1788 42 70395
42 293 31738
293 245 10546
1236 1440 25509
1440 933 14603
611 1634 12099
611 1390 97642
1390 1917 87783
1917 940 32406
940 2065 27642
1917 335 19850
335 1399 8284
1430 978 38923
978 1901 32504
1430 250 39546
1043 328 155823
328 1320 39767
328 1940 49075
1940 1046 37931
328 1343 62268
1343 557 24301
1405 825 79524
825 2164 39362
2164 106 34028
771 2169 164920
2169 890 22630
2169 1037 123948
1037 64 52989
64 892 27935
1037 1146 31927
771 2089 3491
771 2107 34431
2107 642 16934
1570 1273 39451
1538 1096 1213767
1096 521 1083947
521 1351 1048777
1351 526 1034712
526 295 13450
526 240 981643
240 1373 423418
1373 2060 384037
2060 1150 26456
1150 2021 16802
1150 796 4149
2060 984 346006
984 1276 273255
1276 2166 24314
2166 283 12450
1276 1155 133745
1155 60 110149
60 104 105194
104 1206 75383
1206 2093 21396
1206 1234 20982
1276 1691 78755
1691 160 42041
160 349 18296
984 2109 48535
2109 1820 22246
2109 1785 13115
1785 1686 5927
2060 2052 1036
240 1613 36931
1613 1198 16743
240 1485 429396
1485 1372 394945
1372 2168 386076
2168 153 374951
153 1898 137207
1898 190 35899
1898 1466 58334
1466 1930 17655
1466 812 21296
1898 630 8814
153 2111 109689
2111 1808 109439
1808 2147 62342
2147 1976 6213
1976 294 4733
2147 1498 32916
1808 2027 25265
153 21 56269
21 895 12017
895 1716 308
21 1884 5104
153 899 54667
899 1200 19194
240 382 91817
382 826 68149
826 1705 14776
826 1262 12964
826 2204 13223
521 1453 2097
1096 329 114930
329 877 102987
877 2083 79323
2083 1948 65264
1948 1054 39592
877 1417 17473
877 1760 5159
85 1733 36860301
1733 378 163278
378 507 154071
507 1187 124407
1187 147 92930
147 1106 21567
147 255 60251
255 13 23110
1187 1275 13179
1733 2148 30273
1733 1644 36630215
1644 2165 53171
2165 1972 34367
1644 951 36556632
951 1847 4264516
1847 1500 4225765
1500 269 4166887
269 397 45816
397 123 19448
269 883 8547
269 1136 4072286
1136 577 3918242
577 1915 3887000
1915 468 1850104
468 1894 1800745
1894 487 1766558
487 2017 1692594
2017 1617 1683370
1617 2114 1651552
2114 1315 445508
1315 7 418162
7 678 64368
678 1450 44561
1450 586 39424
586 1023 13517
7 1297 335597
1297 1745 321348
1745 1934 308921
1934 230 273311
230 2155 222830
2155 1082 13267
2155 566 23576
2155 1864 125675
1864 794 104814
794 1400 94938
1400 1052 60146
1052 1348 38085
1052 1068 10987
2155 1798 32187
230 1523 21144
1934 654 22183
2114 409 1149436
409 1334 1109901
1334 1631 1100489
1631 1376 1049032
1376 67 945819
67 1340 892231
1340 1927 198390
1927 692 51779
692 1810 22013
1810 292 12181
1927 2078 90572
2078 279 15268
2078 1906 38245
1927 412 20299
1340 1437 55948
1437 2070 39368
1340 897 27581
1340 1359 596089
1359 2191 371807
2191 417 300001
417 1575 33127
1575 503 20289
417 910 100952
910 914 72364
914 1837 65274
1837 403 37684
1837 616 26705
417 1305 55026
1305 360 45064
360 345 27302
417 1445 90350
1445 232 15664
232 1709 12826
1445 823 70028
823 835 45020
835 724 8839
2191 114 51305
114 1322 34508
114 969 5437
1359 1118 134700
1118 2034 45653
2034 1593 27224
1593 486 8527
1118 1764 64054
1764 140 32923
1359 2183 78568
2183 1879 39125
1879 979 27293
67 578 13959
578 529 3324
529 2133 2800
1376 772 63994
772 1928 24417
1631 225 30463
225 1335 16399
225 174 10072
2114 124 38500
487 1536 32560
487 1070 29309
487 635 6452
1894 1840 17183
468 987 22781
1915 151 2004309
151 1447 1995889
1447 2176 1961248
2176 1138 249342
1138 1574 127108
1574 1746 105968
1746 2195 69364
2195 1410 65831
1410 1101 55364
1101 1690 21188
1138 2125 18315
1138 1342 70893
1342 1730 65583
1730 1975 29583
2176 1699 1641396
1699 1421 516541
1421 2208 516515
2208 1650 450875
1650 130 423382
130 444 148405
444 2175 5485
444 1065 66869
1065 541 19300
541 819 11129
541 1097 5598
1065 2110 37339
2110 1325 6842
444 866 47925
866 1685 12901
444 1160 23625
130 1922 251548
1922 840 238435
840 1786 117928
1786 786 72704
786 520 8738
786 260 53149
260 726 29441
260 324 3019
1786 973 31687
840 1069 38463
840 1608 26209
1608 484 15104
840 1632 17425
2208 2102 33379
1699 10 1103459
10 1202 1100436
1202 2162 17525
1202 1117 998745
1117 1415 109641
1415 828 61810
828 458 26419
458 1999 5246
1415 1703 31806
1117 1323 172471
1323 1641 57887
1641 1941 32177
1323 1680 112712
1680 2058 61554
2058 425 32231
1680 1371 49895
1371 2038 36427
2038 1556 1364
1117 1212 670414
1212 1431 150603
1431 137 71620
137 1404 60705
1404 1311 22144
1431 1886 5543
1431 1459 72357
1459 2016 43856
2016 1677 39071
1212 1458 78068
1458 186 49259
186 1292 40157
1212 2080 325962
2080 1270 208765
1270 1314 191161
1314 1592 179492
1592 301 21067
1592 779 147258
779 647 84245
647 1032 44343
1032 2010 5472
779 1094 38685
2080 1179 81719
1179 783 55768
783 720 18999
720 2087 18502
783 211 8694
1212 864 107633
864 1471 73954
1471 393 56861
393 628 48301
628 156 7017
628 222 17244
864 290 21243
1117 304 38244
1202 1049 52849
1049 2 21693
2176 1181 27984
1181 589 1143
2176 543 15657
543 217 2634
577 587 23724
1136 2001 144465
2001 1387 140386
1387 1451 34598
1387 1799 105545
1799 569 68998
569 441 11637
569 1827 49343
1827 483 19939
1500 1259 20070
1500 2061 157
1847 721 21299
951 1156 32268368
1156 1025 19538
1156 18 32210002
18 775 32170687
775 5 14297
775 1263 32149104
1263 653 499445
653 2097 462092
2097 216 38745
2097 598 331266
598 346 231972
346 731 166156
731 45 140456
45 1443 101157
1443 1321 32477
1443 1329 21591
1443 1954 8413
346 1679 30853
598 1091 93444
1091 1620 76259
1620 1168 31875
1620 533 23477
2097 650 88437
650 1283 63892
1283 1610 25918
1263 813 161798
813 2095 146014
2095 93 108662
93 2171 32930
93 921 39162
1263 2106 5034
1263 400 31454877
400 1515 31436137
1515 1112 182873
1112 1332 180014
1332 26 154247
26 588 118880
588 1619 28474
588 510 67202
510 1722 55894
1722 861 31663
1722 52 9789
1515 851 35436
1515 1087 31179420
1087 1113 31139609
1113 723 144907
723 909 139356
909 684 41197
684 1079 19458
909 2053 93797
2053 1251 32733
2053 1449 14986
1449 563 11305
563 2172 1304
2053 1172 7535
2053 175 16228
1113 447 13011
1113 1394 17081452
1394 1992 2627776
1992 524 61066
524 1849 38623
1992 331 2434561
331 1227 2417293
1227 1050 24012
1050 1130 4714
1227 248 2294959
248 1107 168517
1107 99 156701
99 419 10020
419 437 7925
99 839 80147
839 367 25172
839 2030 36805
2030 1953 23472
2030 1184 3164
99 935 7726
99 1389 20361
1389 272 15985
248 1779 1983077
1779 1353 1808568
1353 1850 1776370
1850 2046 32468
2046 1527 816
1850 69 70404
69 789 59891
789 1918 26459
1850 911 1654969
911 1790 1652787
1790 1506 1627467
1506 1218 1613699
1218 471 20032
471 725 16089
1218 1988 1537938
1988 2100 142326
2100 268 118758
268 836 13268
268 2153 85684
2153 469 58169
469 849 44631
849 408 25899
2153 602 24448
602 72 9417
1988 1666 1369258
1666 596 1360507
596 433 1354990
433 439 31153
439 1891 20117
433 983 1320132
983 1591 1297958
1591 1888 1270880
1888 385 68329
385 475 34017
1888 574 1176690
574 957 310165
957 1374 28885
957 1195 243437
1195 1377 223525
1377 1683 188867
1683 1446 151857
1446 1299 105381
1299 900 99304
900 126 16055
900 1151 49143
1151 564 30300
564 1036 12152
1036 718 7497
900 181 15133
1446 1737 43868
1737 79 19667
574 350 93025
350 2192 13237
350 1007 40054
574 159 566555
159 1811 560904
1811 363 12760
1811 351 249014
351 1797 235772
1797 374 215491
374 1026 139004
1026 531 33480
1026 58 75086
58 1887 66955
1887 1974 36610
374 2173 49810
2173 1255 34731
1255 1064 3964
1811 1509 2376
1509 2126 1030
1811 2047 276893
2047 780 187807
780 1357 95236
1357 1396 46979
1396 690 16489
1357 2119 43320
2119 1578 6765
780 942 53359
942 677 31252
942 1994 19381
1994 640 13831
2047 2108 3116
2047 764 35857
2047 1562 32152
2047 1161 14770
574 2000 193183
2000 738 173162
738 1676 25060
738 466 1280
738 1919 126787
1919 847 62352
847 359 13106
847 662 30974
1919 773 1704
1919 2113 56147
2113 404 34521
404 2182 32605
1218 865 47752
865 1347 27610
1779 1288 142195
1288 604 94900
604 1740 23521
604 1993 35654
1993 903 16008
1288 505 22450
505 1300 9074
248 203 86368
203 1978 50519
1978 92 36670
92 549 15226
203 1089 15558
248 1504 17819
1504 2004 11618
1227 1002 97982
1002 1845 23430
1002 74 37051
331 1931 9696
1992 1341 100106
1341 511 41024
511 1191 12942
1341 682 38703
1394 962 4739009
962 132 99900
132 369 55053
369 166 29563
369 1290 10570
132 1996 9241
962 1920 4609850
1920 1964 4557465
1964 1022 4526872
1022 333 118957
333 802 36080
802 129 30416
129 970 18631
802 2019 5111
333 719 40803
719 807 17139
807 354 13396
333 1535 19131
1022 757 4358072
757 1267 4274962
1267 882 4271880
882 670 3984466
670 565 3976448
565 859 3944440
859 815 758325
815 1349 110194
1349 989 36915
1349 1986 17360
1349 1712 25605
1712 583 18124
815 467 37414
815 452 596493
452 1457 586652
1457 1817 585794
1817 1796 571756
1796 1435 466815
1435 870 38963
870 1624 6477
870 610 20366
610 891 10136
1435 1965 406023
1965 1860 395897
1860 286 388555
286 163 358937
163 1727 344404
1727 68 330963
68 1678 11780
68 1333 307286
1333 1572 274812
1572 19 147720
19 2120 36665
2120 1448 24852
19 344 86552
344 1902 35756
344 2054 11288
344 745 36204
1572 872 34343
1572 1778 59683
1778 1997 28903
1997 818 25446
163 436 11667
1796 624 7184
1796 2193 76948
2193 871 13165
2193 1219 52427
1219 206 35706
859 1661 3180125
1661 1599 3166324
1599 2130 3160681
2130 23 1949540
23 2036 107544
2036 737 34575
737 215 19515
2036 817 14570
2036 2071 19317
2071 1939 10200
1939 273 5810
2071 2161 4362
23 453 1824508
453 2122 1816598
2122 1203 967223
1203 389 143458
389 544 1065
389 1072 102115
1072 845 8414
1072 1038 81369
1038 755 28212
1038 967 28983
1203 288 789327
288 711 232964
711 1533 198744
1533 1609 48397
1609 832 35263
1533 1926 121519
1926 2059 106504
2059 1932 76658
1932 1529 38045
1533 122 3156
288 485 532531
485 2180 471081
2180 814 452182
814 1081 270070
1081 1870 80637
1870 855 56103
855 1309 34370
1081 1843 112279
1843 2116 18532
1843 1040 57109
1040 1423 37057
1423 460 9731
460 56 175
1081 182 16886
182 1031 2511
1081 1196 34641
814 898 177650
898 1689 161667
1689 1792 142235
1792 697 44945
697 209 44632
209 1044 12059
1792 1205 63846
1205 1923 25092
485 372 7819
485 999 24673
999 715 2531
2122 705 767144
705 1208 31181
705 856 703622
856 1102 408295
1102 1555 8969
1102 1943 386793
1943 652 89363
652 1704 27022
652 860 36065
1943 946 203299
946 803 203168
803 1647 9524
803 599 109694
599 1903 39800
1903 1076 14154
1903 1414 19275
599 1830 49792
1830 728 25251
1830 1244 7897
803 1576 50446
1576 49 22865
49 1521 5583
1943 1479 70393
1479 434 17148
1479 348 20857
856 1758 30015
856 513 229247
513 1213 202061
1213 1142 174277
1142 2103 130306
2103 523 93816
523 1464 67878
1464 960 54657
960 1126 25164
523 1424 22616
1142 1984 35848
1984 445 34424
2122 1512 53957
1512 34 6240
1512 1660 24745
2130 96 202847
96 1816 168668
1816 1899 125853
1899 838 91375
838 1921 87337
1921 1078 17101
1921 1367 38288
1367 648 9558
1816 1304 20970
2130 1720 979522
1720 1783 874386
1783 164 22914
1783 1180 828057
1180 2090 825245
2090 763 756066
763 1980 17039
763 1222 723212
1222 1581 691538
1581 874 520744
874 1537 494221
1537 955 225273
955 391 33616
391 1936 3009
955 244 73820
244 964 38396
955 1108 48765
1108 81 15260
955 207 31779
207 1618 10474
1537 1407 256820
1407 551 237253
551 1403 195088
1403 1708 177197
1708 609 163820
609 1663 24843
1663 1133 13808
609 121 131248
121 1637 109445
1637 2003 79279
2003 362 51104
362 1127 11059
2003 986 4456
551 560 26362
560 528 2096
1581 2184 150290
2184 263 120387
263 212 2530
263 143 101279
143 1607 65180
1607 219 16651
1607 606 10498
1222 637 22690
2090 381 58019
381 2118 21111
1783 532 16445
1720 1573 81573
1573 2040 65719
2040 418 52705
418 388 37270
388 1625 3966
882 1382 230695
1382 1669 201699
1669 1896 119695
1896 1659 41884
1659 920 10235
1896 1812 67022
1812 1897 62066
1897 413 45226
413 220 3496
413 1552 23052
1669 879 50917
879 265 26248
879 1774 5049
1669 625 14844
882 516 28641
757 850 40249
757 14 35889
1022 446 10350
1920 2026 30553
1394 199 9705936
199 1944 57144
1944 1590 37133
199 356 8344577
356 1497 38867
356 2081 8284807
2081 1765 8266373
1765 1197 8251772
1197 1773 3215522
1773 1867 3209047
1867 736 694032
736 747 660160
747 165 637641
165 1238 624240
1238 1907 49548
1907 619 32436
619 1099 25284
1907 420 13299
1238 733 53426
733 1406 48471
1406 146 27986
1238 668 79310
668 1318 31049
668 641 34170
1238 1012 412006
1012 1971 371169
1971 1354 352607
1354 792 51313
792 1559 31477
1354 118 3039
1354 2152 294374
2152 591 164466
591 1700 132392
1700 495 109843
495 672 77709
672 195 62437
195 1472 36902
495 55 28241
2152 537 89655
537 1035 24044
1035 601 21513
537 394 25512
394 1513 3620
537 797 17184
1971 1800 3029
1012 431 33579
1867 502 521012
502 925 283419
925 944 65160
944 791 59972
791 402 38534
925 975 79030
975 1397 52987
1397 1881 24095
1397 1486 25776
925 1144 115605
1144 243 69842
243 46 37565
1144 2200 34165
2200 639 25775
502 1583 220507
1583 608 181340
608 44 100561
44 555 71043
555 227 43158
227 829 25414
608 198 74918
198 1656 21410
198 2137 39055
1867 1439 1930164
1439 972 1638635
972 302 1601218
302 1186 74510
1186 1861 32219
1186 1008 22294
302 223 1486571
223 1532 21668
223 1129 1457440
1129 2028 1440296
2028 2056 1424823
2056 1701 1386283
1701 774 1348654
774 1794 14144
774 2092 1321794
2092 1895 36619
2092 1738 153705
1738 1970 129573
1970 1821 33142
1970 1947 95072
1947 1684 33696
1684 518 932
1947 2174 41679
2174 97 13792
2092 2049 20571
2092 798 15423
2092 554 36073
2092 213 1045775
213 1554 25990
1554 280 11353
213 454 926790
454 1979 140011
1979 927 124119
927 600 48051
600 1496 41937
1496 2198 7691
927 1780 62159
1780 1280 27525
1979 580 14149
454 1241 778793
1241 247 331976
247 113 316987
113 449 303993
449 75 301802
75 264 270710
264 936 232537
936 1284 123803
1284 1539 79293
1539 2045 72963
2045 29 56925
29 1029 30448
1284 1869 38656
936 1781 34817
936 982 51682
982 370 14716
264 375 29199
1241 1285 24153
1241 476 392765
476 991 380048
991 930 16752
991 821 14075
991 149 68033
149 101 33781
149 1853 29904
991 1121 243902
1121 811 36806
1121 457 176045
457 2138 7754
457 968 477
457 1317 127585
1317 1326 93788
1326 2007 23454
1326 2015 37610
213 752 59853
752 233 29257
752 1959 26577
1959 2163 7419
1439 2139 251853
2139 312 245719
312 191 241199
191 1585 24781
1585 1674 22701
191 1230 214776
1230 1541 141202
1541 538 55407
538 922 29935
922 1762 12742
1541 1258 51702
1258 1095 31088
1230 31 37139
1230 1442 22092
1867 706 32096
1197 1034 5006762
1034 1361 4965255
1361 252 4928253
252 1526 4910310
1526 776 347505
776 1242 326086
1242 2201 315912
2201 24 293505
24 1756 191400
1756 377 175776
377 1124 19614
377 1063 137303
1063 110 126091
110 997 86944
997 427 69912
427 716 32786
716 1771 12385
377 603 15775
24 462 85420
462 15 45849
15 1066 20629
1526 1307 4500507
1307 1499 73517
1499 1028 45080
1028 1408 4951
1307 1548 4403053
1548 148 600388
148 744 476666
744 2159 465592
2159 1378 415394
1378 1772 393438
1772 759 23640
1772 1815 45224
1815 40 1318
1815 1391 32841
1772 2187 312251
2187 1248 299442
1248 651 250865
651 679 176947
679 1566 51031
1566 112 11964
679 2005 96113
2005 686 63144
686 1301 57971
1301 120 23330
651 259 34937
1248 977 9849
2159 482 35365
148 1546 13916
148 1569 80764
1569 205 28912
1569 1868 32580
1548 1838 3762208
1838 1375 37278
1838 1253 3700606
1253 1083 3675577
1083 988 3656028
988 1755 1779790
1755 852 752177
852 1149 734035
1149 824 96427
824 373 35194
824 2008 21803
1149 1235 625198
1235 366 585844
366 2207 189814
2207 1702 28659
2207 787 130167
787 1757 108067
1757 157 75521
157 11 40708
11 1653 13811
1653 2101 4865
366 1331 3929
366 605 51166
605 2143 36011
366 702 319763
702 180 316470
180 1350 36757
180 522 273397
522 1990 192850
1990 1033 22025
1033 689 19191
1990 1482 143786
1482 1734 79890
1734 70 5218
1734 2209 38531
2209 907 21933
1482 1911 42267
1911 1769 26956
1769 512 12511
522 743 66300
743 1753 59756
1753 1654 35316
852 12 11147
1755 1103 66714
1103 657 29987
1755 1476 946171
1476 2051 33034
2051 1473 12809
1476 133 912421
133 1776 895422
1776 2157 24477
1776 959 857632
959 1090 82582
1090 41 47330
41 1602 21053
959 1640 119001
1640 231 101922
231 1162 67072
1162 1159 43145
1159 1441 23009
959 2098 636062
2098 277 351936
277 938 7653
277 1582 276236
1582 1009 268435
1009 1056 92148
1056 1549 63132
1549 2141 23751
1009 1652 161622
1652 2117 122300
2117 168 89349
168 1425 56879
1425 1277 34716
1425 2062 12327
277 325 29927
2098 127 271759
127 1646 248024
1646 1461 221283
1461 246 144185
246 1428 10897
246 2134 129451
2134 63 28106
2134 1316 66801
1316 1913 23684
1316 873 9951
1461 691 54776
691 862 31183
862 429 18875
691 136 10133
127 440 430
988 261 1835949
261 767 72403
767 501 35095
261 1962 72208
1962 1851 44548
1851 1416 4723
261 2035 1579562
2035 2131 1468517
2131 138 186331
138 2023 16774
138 1968 153600
1968 71 50397
71 154 10346
1968 1518 88013
1518 1806 39055
1806 390 11059
1518 1422 13136
1422 1088 8085
2131 1580 1245926
1580 176 843300
176 401 824358
401 271 801490
271 1985 134980
1985 908 4578
1985 1803 17362
1803 1814 17201
1985 1452 79441
1452 638 38016
638 254 16650
1452 426 2383
271 785 632681
785 1767 17430
785 1567 612052
1567 2033 271215
2033 2105 53366
2105 1782 38221
1782 1352 17540
2033 2203 119663
2203 1039 70063
1039 479 30530
2203 919 15263
2033 954 94195
954 1854 48599
1854 869 30287
954 735 36831
735 1207 33013
1567 2012 325276
2012 330 2269
2012 1623 141978
1623 1474 76245
1474 675 75356
675 1645 21037
675 1176 47036
1176 804 18918
1176 66 16279
675 1517 1164
1474 1577 877
1623 1252 33048
2012 2181 158636
2181 1892 12285
2181 1876 130156
1876 1220 81444
1220 421 24416
1220 1627 47494
1627 1257 34720
1220 1490 4160
1876 197 29002
197 1419 9799
1580 1885 366155
1885 2099 316126
2099 57 64376
57 2197 8512
57 584 31603
57 337 14155
2099 1630 36674
2099 352 199005
352 414 192923
414 1152 172822
1152 266 146508
266 1739 35982
266 846 109725
846 1557 2185
846 2146 77082
2146 472 39756
1885 1516 34421
1516 82 17159
82 893 16066
2035 1857 87827
1857 125 40398
125 47 13394
1857 150 16927
261 334 78236
334 1199 38914
1199 1166 12779
1253 6 8764
1548 778 29939
1307 25 18330
1526 1005 34178
1005 820 23234
1034 238 35521
199 1750 1276527
1750 1170 1245140
1170 748 1109757
748 1748 1109416
1748 1842 1104463
1842 2063 1078703
2063 1710 1056952
1710 2082 1027309
2082 556 65237
556 761 29696
2082 139 941177
139 717 934180
717 1531 38039
717 1501 24915
717 1534 36389
717 701 833377
701 571 754368
571 1862 746005
1862 1880 15895
1862 1945 694058
1945 1626 680821
1626 392 105826
392 636 3780
392 1809 63270
1809 800 60457
800 1192 22869
1192 1085 14084
800 1846 412
1626 177 330524
177 685 278476
685 1510 9294
685 1401 243091
1401 73 200905
73 729 55572
729 494 22275
73 1237 106184
1237 597 48396
597 1135 37028
1237 809 38439
1401 2014 22207
685 306 14747
306 1020 5187
177 1386 36626
1386 65 13802
1626 536 1214
1626 357 233528
357 546 101796
546 1381 10497
546 1648 76303
1648 291 37309
357 1157 123403
1157 285 91727
285 1062 63347
1062 1185 25640
1185 980 5307
1157 2202 9536
2202 1193 5359
1862 1732 1903
701 674 47442
674 1469 20018
2082 1224 16695
1170 208 33642
1170 1328 70366
1328 194 35431
1170 1174 15983
1113 1194 13874795
1194 1662 13872557
1662 1616 22833
1662 508 13842662
508 1668 122860
1668 297 44645
297 1839 4321
297 1018 35953
1668 172 25608
1668 1148 25489
508 886 13698804
886 527 12294
527 500 2551
886 2185 13667058
2185 1731 170915
1731 2086 111786
2086 332 87365
332 740 49172
740 27 12049
1731 94 25779
2185 694 13485359
694 305 377076
305 1904 52089
1904 519 30017
305 1505 323431
1505 1189 1509
1505 1791 283239
1791 2079 210164
2079 1388 109272
1388 2006 82154
2006 1866 62366
1866 282 42302
282 1178 18509
2079 1013 33142
1013 204 6798
204 455 171
2079 953 64076
953 308 48909
308 347 36493
953 742 14520
1791 406 21224
1791 888 8867
1791 1147 19603
1147 1924 1045
694 1643 3513
694 169 54072
169 470 35437
694 926 13011468
926 1707 32882
926 117 12956946
117 1687 10491
117 1165 3152
117 1929 12910677
1929 1143 22507
1929 631 12865181
631 9 406138
9 2013 373005
2013 1877 303761
1877 1688 293856
1688 777 270169
777 339 268350
339 141 264624
141 626 178334
626 1060 174370
1060 2043 136079
2043 300 105213
300 696 96959
696 1370 80169
1370 1935 69219
1935 581 36333
300 1293 4815
1293 937 3580
937 853 3316
141 229 74090
229 1011 39171
1011 514 8164
514 1243 7627
1011 1859 4216
1859 2009 2311
1688 2178 5481
2013 676 56974
676 492 36872
631 1051 12451018
1051 918 31818
918 490 9825
1051 2188 12418264
2188 712 21024
2188 1468 2417
2188 384 92903
384 226 88932
226 1955 61721
1955 795 40054
2188 629 12298950
629 102 107658
102 995 98078
995 1080 91268
1080 1735 70320
1735 756 55031
756 1271 29443
629 95 12171259
95 612 187014
612 115 107087
115 582 100832
582 1488 69570
1488 1629 33449
582 218 18386
612 863 5677
612 1833 15412
612 1463 19706
95 816 36800
95 61 11943367
61 688 6351
61 1384 11926298
1384 107 11905738
107 2123 11897968
2123 770 64724
770 645 26264
645 2145 780
2123 553 11825332
553 1642 44434
1642 1462 13586
553 1883 11764389
1883 2140 11760056
2140 1670 112958
1670 1865 73169
1865 2011 32976
2140 1131 36565
2140 615 11579103
615 1345 55806
1345 2029 45107
2029 1726 24469
615 1563 11491075
1563 924 176920
924 1736 65772
1736 1963 27792
924 498 79400
498 1804 63895
1804 1383 39544
1383 50 15306
1383 235 10297
1563 8 11297265
8 1882 1969330
1882 307 1937732
307 1134 1915208
1134 2149 32471
1134 1491 1867351
1491 111 1865255
111 2170 1842630
2170 1363 36587
2170 39 190578
39 284 63622
284 904 28882
39 43 113912
43 730 34387
43 1949 61545
1949 1789 24279
1789 1141 15833
1141 2032 12852
2170 1289 15762
1289 585 14692
2170 746 1581548
746 1561 72680
1561 2206 35304
746 1249 1481605
1249 2073 136712
2073 1369 37099
2073 947 79899
947 155 34094
155 1611 15742
947 1395 39106
1249 1828 1309377
1828 1667 1124656
1667 239 10364
1667 299 1075516
299 1487 205631
1487 1711 28692
1487 83 166681
83 1003 156229
1003 1324 111265
1324 680 63749
680 2002 55309
2002 251 45877
251 200 32224
200 399 21740
251 1832 7774
1324 319 13217
1003 1950 25106
299 1167 95753
1167 442 34190
442 666 13331
1167 2039 59176
2039 103 30968
103 2160 29368
299 1802 752414
1802 398 707910
398 489 11144
398 1664 677358
1664 1633 26757
1664 1120 620525
1120 338 602320
338 142 569982
142 2041 531764
2041 1558 95101
1558 1743 88598
1743 781 16768
1743 423 38256
2041 1729 31917
2041 1110 287523
1110 1467 273161
1467 318 204706
318 623 197171
623 1379 177327
1379 1163 5231
1163 517 96
1379 2024 141681
2024 750 121550
750 89 17098
89 758 3443
750 1752 46918
1752 2042 13903
750 1327 38622
1327 270 34598
1467 321 55334
321 257 35788
2041 91 100229
91 340 50611
340 37 36883
91 1721 19385
338 395 32138
1664 875 11946
1802 769 7606
1802 2094 12470
1828 1436 114630
1436 1522 108536
1522 1665 25730
1522 1831 45488
1831 713 10622
1828 822 32322
8 714 9320876
714 590 9299783
590 380 102948
380 443 20848
380 1169 68123
1169 184 51608
184 1281 27875
1281 2076 15001
590 923 130957
923 1100 96090
1100 1298 34267
1100 450 55714
450 1254 21029
590 887 9055568
887 59 9041449
59 834 488361
834 365 423138
365 2158 153071
2158 1201 95766
1201 707 61591
707 1308 4
707 941 28467
2158 314 29670
314 810 21305
810 1210 15824
365 38 229930
38 1475 218536
1475 788 7716
1475 1483 145832
1483 499 127139
499 189 14590
499 134 52027
134 2069 36545
499 1925 39733
1925 1587 17493
1475 889 28778
889 1239 23706
365 310 17144
834 342 36810
59 928 4131481
928 1402 4111649
1402 913 4087741
913 16 4085007
16 559 4055114
559 1295 4040635
1295 2025 671987
2025 929 274574
929 1682 37464
1682 1282 7209
929 1960 220392
1960 1444 186948
1444 1122 29404
1444 2129 109812
2129 2037 17584
2129 1306 79711
1306 1183 44149
1183 699 4960
1444 242 7553
2025 296 358133
296 2121 319805
2121 2077 27203
2077 905 25381
2121 575 258242
575 1597 45631
1597 506 22939
506 504 17928
575 1109 173989
1109 1014 140567
1014 830 50379
830 1286 3477
830 1173 32710
1014 949 61501
949 1875 38021
1875 98 24974
1295 371 10937
1295 831 3286861
831 607 3253944
607 976 2603680
976 1393 2527275
1393 1412 798267
1412 542 778668
542 540 728896
540 867 5444
540 116 663822
116 173 1683
116 1409 657838
1409 287 648406
287 1622 289455
1622 411 219523
411 698 199650
698 1982 45235
1982 1872 10862
698 1673 116790
1673 1346 30939
1673 806 26904
806 1024 6857
1673 1296 57945
1296 1766 25559
1622 1077 37102
1622 1119 13115
287 1059 357920
1059 1084 352920
1084 1579 30788
1084 1231 84731
1231 1047 67964
1047 1805 43995
1805 2072 23995
1084 1697 185621
1697 109 176274
109 961 25658
961 1777 2760
109 100 104292
100 2132 89299
2132 1594 65402
1594 1313 35354
1313 480 23226
109 1429 20520
1084 76 3786
1084 361 26597
540 1041 41565
1041 1588 8368
1041 1787 26850
542 1438 15391
1393 1826 1714667
1826 1493 1657337
1493 336 1233982
336 410 1035030
410 1171 1006203
1171 1605 997967
1605 214 965012
214 956 866792
956 996 766696
996 1398 750222
1398 644 706924
644 932 548377
932 627 339297
627 1658 34586
627 998 284385
998 1042 240255
1042 1115 64231
1115 86 39705
1042 1693 137575
1693 224 66131
224 1116 17423
224 687 30931
224 633 11647
1693 1775 10311
1693 572 27374
998 934 11912
932 848 179359
848 1019 156250
1019 105 119724
105 1655 70908
1655 1998 31173
105 88 42055
88 1649 25960
848 459 7732
644 2151 132585
2151 1874 114412
1874 1269 106177
1269 2074 2834
1269 1456 45934
1456 1310 7784
1269 1520 55194
1520 1132 16236
1132 880 3896
1520 196 19186
1398 827 35138
996 1266 8827
956 1344 81999
1344 722 66999
722 700 36070
700 1188 22095
700 1889 5144
214 1981 27630
214 2068 62174
2068 1675 30391
410 709 23641
336 1908 162939
1908 36 4515
1908 1045 8774
1908 2066 148499
2066 1793 19565
2066 530 91270
530 664 74915
664 659 39787
659 228 36436
1493 1801 384931
1801 1261 270119
1261 878 100928
878 1564 73678
1564 1484 44070
1484 1848 25964
1484 857 17623
857 278 16119
1261 478 464
1261 2179 985
1261 1226 31530
1261 1274 126965
1274 1747 72606
1747 1494 57664
1494 548 30859
548 326 28263
1747 1938 9091
1274 322 36764
1274 1717 11733
1801 667 99321
667 1000 90898
1000 1823 71425
1823 497 25933
497 1336 14846
1823 1844 23731
1493 1628 17372
1826 1657 52014
1657 1123 6010
1657 1140 21907
976 1111 73033
1111 1751 26074
1111 658 22281
607 289 60171
289 2104 36879
2104 1489 26423
607 1989 418151
1989 1841 406422
1841 1058 203068
1058 493 182645
493 992 142010
992 1909 66974
1909 858 32179
992 965 19784
992 1761 22960
493 1519 33351
1841 1434 183228
1434 592 170810
592 407 149833
407 2096 65670
2096 1543 20319
2096 1015 32082
1015 1272 936
407 915 81637
915 2136 71803
2136 185 37887
607 1598 165418
1598 2112 106251
2112 178 17648
2112 1278 71982
1278 1547 36758
1598 234 21148
234 1256 6206
1256 1319 3666
1295 1215 54463
1215 1565 16118
16 1715 17880
1715 464 16971
59 387 15762
59 1977 4398271
1977 525 4361252
525 1636 38403
525 1550 4292921
1550 1303 4284156
1303 558 14161
1303 649 363
1303 1863 4255020
1863 144 4234004
144 665 4210014
665 162 101394
162 267 84321
267 681 51104
681 1829 40408
1829 1724 39295
665 885 4075154
885 562 187132
562 1825 186658
1825 171 38974
1825 939 114727
939 552 89867
552 1910 50231
1910 481 30084
552 1092 19581
1825 353 22363
885 1718 110719
1718 1279 37324
1718 579 34921
579 1221 21387
885 765 14446
885 62 3756258
62 119 23919
119 1966 3662
62 20 3699984
20 567 2614690
567 1153 1390604
1153 1104 1350635
1104 1967 1346917
1967 1061 849250
1061 456 819021
456 801 799353
801 622 538444
622 2196 532722
2196 17 526385
17 1551 294808
1551 275 261139
275 256 43410
256 1364 22815
275 383 199454
383 2186 81430
2186 1528 54993
1528 1991 11165
1528 793 25448
793 1742 21364
383 161 84901
161 1514 68503
1514 192 14060
1514 1728 38066
1551 1287 25067
17 963 204405
963 131 178353
131 710 132325
710 1001 99331
1001 1905 87691
1905 1916 69299
1916 1638 22335
1916 167 1795
1916 1824 11221
131 561 37842
561 1460 21147
801 1601 85533
1601 994 65071
994 1105 25165
801 1420 148129
1420 1681 28439
1681 1937 11436
1420 438 82348
438 1933 71466
1933 509 57527
509 1635 30177
1933 1983 1395
1061 1822 24156
1967 78 462688
78 1073 26296
78 576 149706
576 966 116300
966 1021 21877
966 958 4906
966 2050 67010
2050 2088 53975
2088 1946 23094
78 2156 270205
2156 1508 262917
1508 1615 251585
1615 739 123813
739 1246 120370
1246 663 53372
663 1480 27471
1246 84 29648
1615 1768 105125
1768 415 63414
415 1427 51506
1427 990 33317
1768 358 5018
1508 1478 6379
567 1265 1203209
1265 1411 22258
1411 1362 19630
1265 90 1161781
90 1245 1155103
1245 1807 1115845
1807 1053 1085426
1053 1900 1059321
1900 1995 34479
1995 386 28498
1900 179 1011218
179 1477 987250
1477 1719 928637
1719 1067 556210
1067 491 516686
491 1503 489780
1503 236 73008
236 1217 52279
1217 948 13221
1503 1606 409203
1606 1223 397695
1223 2075 386808
2075 465 349221
465 1392 75221
1392 1190 69338
1190 1455 44385
1455 183 30380
1190 1139 13976
465 2020 242810
2020 311 231836
311 2142 42646
2142 734 12071
311 1385 104398
1385 1956 80970
1956 1302 31991
1302 108 28934
1302 451 821
1956 762 31966
762 1706 28342
1956 1145 6881
1385 1337 14623
1337 416 12627
311 1182 57573
1182 993 32543
2075 568 28694
491 2022 16297
1067 1836 17593
1719 1470 319776
1470 1250 311921
1250 643 252879
643 1154 230436
1154 1128 219773
1128 808 120513
808 945 100621
945 646 64703
646 876 59838
876 1553 9331
1553 1465 5111
876 703 11587
1128 1204 60310
1204 1544 23469
1250 1952 49559
1952 1240 39112
1240 435 11548
1719 1010 15118
1010 379 13745
1477 613 34827
1477 343 9663
1245 1612 10016
20 1330 39652
20 473 1042181
473 1696 22536
473 463 1010951
463 902 716
463 805 990338
805 461 978956
461 4 32997
461 135 634817
135 985 6899
135 1426 545077
1426 669 544975
669 843 533675
843 1584 520162
1584 2031 349024
2031 1600 210893
1600 1694 36298
1600 2048 143185
2048 912 122611
912 315 30804
912 1225 89851
1225 341 37949
1225 188 46905
188 550 18690
2031 2127 122204
2127 595 67369
595 673 42489
673 145 15262
2127 547 40215
1584 1233 170954
1233 708 42680
708 1229 4003
1233 981 122200
981 1672 29728
981 1586 40736
1586 1545 8606
981 1873 37136
135 1604 70004
1604 1260 62925
1260 1671 30908
461 1713 283932
1713 258 114613
258 1589 76697
1589 754 49595
754 896 34830
1713 1912 143702
1912 1 130204
1 1692 32299
1 48 63412
48 158 32861
158 221 28681
